<?xml version="1.0" encoding="UTF-8"?>
<!-- Generated by org.testng.reporters.JUnitReportReporter -->
<testsuite skipped="0" hostname="Janas-MBP.local.tld" name="scripts.TechGlobalRadioButtonPageTest" tests="2" failures="0" timestamp="2023-01-22T11:15:40 CST" time="19.620" errors="0">
  <testcase name="radioButtonsValidation" time="9.424" classname="scripts.TechGlobalRadioButtonPageTest"/>
  <system-out/>
  <testcase name="validationOfMorePracticeRadioButton" time="10.196" classname="scripts.TechGlobalRadioButtonPageTest"/>
  <system-out/>
</testsuite> <!-- scripts.TechGlobalRadioButtonPageTest -->
