<?xml version="1.0" encoding="UTF-8"?>
<!-- Generated by org.testng.reporters.JUnitReportReporter -->
<testsuite skipped="0" hostname="Janas-MBP.local.tld" name="scripts.TechGlobalWaitPageTest" tests="1" failures="0" timestamp="2023-01-22T11:15:40 CST" time="44.741" errors="0">
  <testcase name="validateRedBox" time="44.741" classname="scripts.TechGlobalWaitPageTest"/>
  <system-out/>
</testsuite> <!-- scripts.TechGlobalWaitPageTest -->
