<?xml version="1.0" encoding="UTF-8"?>
<!-- Generated by org.testng.reporters.JUnitReportReporter -->
<testsuite skipped="0" hostname="Janas-MacBook-Pro.local" name="scripts.TechGlobalWaitPageTest" tests="1" failures="0" timestamp="2023-01-23T23:46:13 CST" time="44.717" errors="0">
  <testcase name="validateRedBox" time="44.717" classname="scripts.TechGlobalWaitPageTest"/>
  <system-out/>
</testsuite> <!-- scripts.TechGlobalWaitPageTest -->
