<?xml version="1.0" encoding="UTF-8"?>
<!-- Generated by org.testng.reporters.JUnitReportReporter -->
<testsuite skipped="0" hostname="Janas-MBP.local.tld" name="scripts.TechGlobalDynamicElementsTest" tests="2" failures="0" timestamp="2023-01-22T11:15:40 CST" time="18.697" errors="0">
  <testcase name="dynamicElementsTest_box1" time="9.252" classname="scripts.TechGlobalDynamicElementsTest"/>
  <system-out/>
  <testcase name="dynamicElementsTest_box2" time="9.445" classname="scripts.TechGlobalDynamicElementsTest"/>
  <system-out/>
</testsuite> <!-- scripts.TechGlobalDynamicElementsTest -->
