<?xml version="1.0" encoding="UTF-8"?>
<!-- Generated by org.testng.reporters.JUnitReportReporter -->
<testsuite skipped="0" hostname="Janas-MacBook-Pro.local" name="scripts.TechGlobalHeaderTest" tests="1" failures="0" timestamp="2023-01-23T23:46:13 CST" time="9.036" errors="0">
  <testcase name="validateTechGlobalHeaderDropdownOptions" time="9.036" classname="scripts.TechGlobalHeaderTest"/>
  <system-out/>
</testsuite> <!-- scripts.TechGlobalHeaderTest -->
