<?xml version="1.0" encoding="UTF-8"?>
<!-- Generated by org.testng.reporters.JUnitReportReporter -->
<testsuite skipped="0" hostname="Janas-MacBook-Pro.local" name="scripts.TechGlobalMultipleWindowsTest" tests="2" failures="0" timestamp="2023-01-23T23:46:13 CST" time="32.153" errors="0">
  <testcase name="validateTheAppleLink" time="14.235" classname="scripts.TechGlobalMultipleWindowsTest"/>
  <system-out/>
  <testcase name="validateLinkURLs" time="17.918" classname="scripts.TechGlobalMultipleWindowsTest"/>
  <system-out/>
</testsuite> <!-- scripts.TechGlobalMultipleWindowsTest -->
