<?xml version="1.0" encoding="UTF-8"?>
<!-- Generated by org.testng.reporters.JUnitReportReporter -->
<testsuite skipped="0" hostname="Janas-MacBook-Pro.local" name="scripts.TechGlobalRadioButtonPageTest" tests="2" failures="0" timestamp="2023-01-23T23:46:13 CST" time="20.185" errors="0">
  <testcase name="radioButtonsValidation" time="9.902" classname="scripts.TechGlobalRadioButtonPageTest"/>
  <system-out/>
  <testcase name="validationOfMorePracticeRadioButton" time="10.283" classname="scripts.TechGlobalRadioButtonPageTest"/>
  <system-out/>
</testsuite> <!-- scripts.TechGlobalRadioButtonPageTest -->
