<?xml version="1.0" encoding="UTF-8"?>
<!-- Generated by org.testng.reporters.JUnitReportReporter -->
<testsuite skipped="0" hostname="Janas-MacBook-Pro.local" name="scripts.TechGlobalDynamicElementsTest" tests="2" failures="0" timestamp="2023-01-23T23:46:13 CST" time="18.879" errors="0">
  <testcase name="dynamicElementsTest_box1" time="9.341" classname="scripts.TechGlobalDynamicElementsTest"/>
  <system-out/>
  <testcase name="dynamicElementsTest_box2" time="9.538" classname="scripts.TechGlobalDynamicElementsTest"/>
  <system-out/>
</testsuite> <!-- scripts.TechGlobalDynamicElementsTest -->
