<?xml version="1.0" encoding="UTF-8"?>
<!-- Generated by org.testng.reporters.JUnitReportReporter -->
<testsuite skipped="0" hostname="Janas-MacBook-Pro.local" name="scripts.TechGlobalCheckBoxPageTest" tests="2" failures="0" timestamp="2023-01-23T23:46:13 CST" time="27.150" errors="0">
  <testcase name="validatingCheckBox" time="11.776" classname="scripts.TechGlobalCheckBoxPageTest"/>
  <system-out/>
  <testcase name="morePracticeCheckBoxes" time="15.374" classname="scripts.TechGlobalCheckBoxPageTest"/>
  <system-out/>
</testsuite> <!-- scripts.TechGlobalCheckBoxPageTest -->
