<?xml version="1.0" encoding="UTF-8"?>
<!-- Generated by org.testng.reporters.JUnitReportReporter -->
<testsuite skipped="0" hostname="Janas-MBP.local.tld" name="scripts.TechGlobalCheckBoxPageTest" tests="2" failures="0" timestamp="2023-01-22T11:15:40 CST" time="23.361" errors="0">
  <testcase name="validatingCheckBox" time="11.977" classname="scripts.TechGlobalCheckBoxPageTest"/>
  <system-out/>
  <testcase name="morePracticeCheckBoxes" time="11.384" classname="scripts.TechGlobalCheckBoxPageTest"/>
  <system-out/>
</testsuite> <!-- scripts.TechGlobalCheckBoxPageTest -->
