<?xml version="1.0" encoding="UTF-8"?>
<!-- Generated by org.testng.reporters.JUnitReportReporter -->
<testsuite skipped="0" hostname="Janas-MacBook-Pro.local" name="scripts.TechGlobalDropdownsTest" tests="4" failures="0" timestamp="2023-01-23T23:46:13 CST" time="49.581" errors="0">
  <testcase name="selectDeliveryOption" time="14.657" classname="scripts.TechGlobalDropdownsTest"/>
  <system-out/>
  <testcase name="selectProductOption" time="9.649" classname="scripts.TechGlobalDropdownsTest"/>
  <system-out/>
  <testcase name="selectColorOption" time="10.237" classname="scripts.TechGlobalDropdownsTest"/>
  <system-out/>
  <testcase name="validateTheItemSelected" time="15.038" classname="scripts.TechGlobalDropdownsTest"/>
  <system-out/>
</testsuite> <!-- scripts.TechGlobalDropdownsTest -->
